android/app/build/intermediates/manifest_merge_blame_file/debug/manifest-merger-blame-debug-report.txt
1<?xml version="1.0" encoding="utf-8"?>
2<manifest xmlns:android="http://schemas.android.com/apk/res/android"
3    package="com.digiternak"
4    android:versionCode="1004"
5    android:versionName="1.0" >
6
7    <uses-sdk
8        android:minSdkVersion="23"
9        android:targetSdkVersion="31" />
10
11    <uses-permission android:name="android.permission.SYSTEM_ALERT_WINDOW" />
11-->src/debug/AndroidManifest.xml:5:5-77
11-->src/debug/AndroidManifest.xml:5:22-75
12    <uses-permission android:name="android.permission.INTERNET" />
12-->src/main/AndroidManifest.xml:4:5-67
12-->src/main/AndroidManifest.xml:4:22-64
13    <uses-permission android:name="android.permission.ACCESS_COARSE_LOCATION" />
13-->src/main/AndroidManifest.xml:5:5-81
13-->src/main/AndroidManifest.xml:5:22-78
14    <uses-permission android:name="android.permission.ACCESS_FINE_LOCATION" />
14-->src/main/AndroidManifest.xml:6:5-79
14-->src/main/AndroidManifest.xml:6:22-76
15    <uses-permission android:name="android.permission.ACCESS_WIFI_STATE" />
15-->[com.facebook.flipper:flipper:0.125.0] AndroidManifest.xml:16:5-76
15-->[com.facebook.flipper:flipper:0.125.0] AndroidManifest.xml:16:22-73
16    <uses-permission android:name="android.permission.WAKE_LOCK" />
16-->[androidx.work:work-runtime:2.7.1] AndroidManifest.xml:25:5-68
16-->[androidx.work:work-runtime:2.7.1] AndroidManifest.xml:25:22-65
17    <uses-permission android:name="android.permission.ACCESS_NETWORK_STATE" />
17-->[androidx.work:work-runtime:2.7.1] AndroidManifest.xml:26:5-79
17-->[androidx.work:work-runtime:2.7.1] AndroidManifest.xml:26:22-76
18    <uses-permission android:name="android.permission.RECEIVE_BOOT_COMPLETED" />
18-->[androidx.work:work-runtime:2.7.1] AndroidManifest.xml:27:5-81
18-->[androidx.work:work-runtime:2.7.1] AndroidManifest.xml:27:22-78
19    <uses-permission android:name="android.permission.FOREGROUND_SERVICE" />
19-->[androidx.work:work-runtime:2.7.1] AndroidManifest.xml:28:5-77
19-->[androidx.work:work-runtime:2.7.1] AndroidManifest.xml:28:22-74
20
21    <uses-feature
21-->[com.google.android.gms:play-services-maps:18.0.2] AndroidManifest.xml:26:5-28:35
22        android:glEsVersion="0x00020000"
22-->[com.google.android.gms:play-services-maps:18.0.2] AndroidManifest.xml:27:9-41
23        android:required="true" />
23-->[com.google.android.gms:play-services-maps:18.0.2] AndroidManifest.xml:28:9-32
24
25    <queries>
25-->[com.google.android.gms:play-services-maps:18.0.2] AndroidManifest.xml:30:5-34:15
26
27        <!-- Needs to be explicitly declared on Android R+ -->
28        <package android:name="com.google.android.apps.maps" />
28-->[com.google.android.gms:play-services-maps:18.0.2] AndroidManifest.xml:33:9-64
28-->[com.google.android.gms:play-services-maps:18.0.2] AndroidManifest.xml:33:18-61
29    </queries>
30
31    <application
31-->src/main/AndroidManifest.xml:8:5-28:19
32        android:name="com.digiternak.MainApplication"
32-->src/main/AndroidManifest.xml:9:7-38
33        android:allowBackup="false"
33-->src/main/AndroidManifest.xml:13:7-34
34        android:appComponentFactory="androidx.core.app.CoreComponentFactory"
34-->[androidx.core:core:1.7.0] AndroidManifest.xml:24:18-86
35        android:debuggable="true"
36        android:extractNativeLibs="false"
37        android:icon="@mipmap/logo_hijau"
37-->src/main/AndroidManifest.xml:11:7-40
38        android:label="@string/app_name"
38-->src/main/AndroidManifest.xml:10:7-39
39        android:roundIcon="@mipmap/ic_launcher_round"
39-->src/main/AndroidManifest.xml:12:7-52
40        android:theme="@style/BootTheme"
40-->src/main/AndroidManifest.xml:14:7-39
41        android:usesCleartextTraffic="true" >
41-->src/debug/AndroidManifest.xml:8:9-44
42        <activity
42-->src/debug/AndroidManifest.xml:11:9-111
43            android:name="com.facebook.react.devsupport.DevSettingsActivity"
43-->src/debug/AndroidManifest.xml:11:19-83
44            android:exported="false" />
44-->src/debug/AndroidManifest.xml:11:84-108
45        <!-- android:theme="@style/AppTheme" -->
46        <meta-data
46-->src/main/AndroidManifest.xml:15:7-126
47            android:name="com.google.android.maps.v2.API_KEY"
47-->src/main/AndroidManifest.xml:15:18-67
48            android:value="AIzaSyAbqR17b0QAB8KNtGLjAyyYNkdWGlP5s4U" />
48-->src/main/AndroidManifest.xml:15:68-123
49
50        <activity
50-->src/main/AndroidManifest.xml:16:7-27:18
51            android:name="com.digiternak.MainActivity"
51-->src/main/AndroidManifest.xml:17:9-37
52            android:configChanges="keyboard|keyboardHidden|orientation|screenLayout|screenSize|smallestScreenSize|uiMode"
52-->src/main/AndroidManifest.xml:19:9-118
53            android:exported="true"
53-->src/main/AndroidManifest.xml:22:9-32
54            android:label="@string/app_name"
54-->src/main/AndroidManifest.xml:18:9-41
55            android:launchMode="singleTask"
55-->src/main/AndroidManifest.xml:20:9-40
56            android:windowSoftInputMode="adjustResize" >
56-->src/main/AndroidManifest.xml:21:9-51
57            <intent-filter>
57-->src/main/AndroidManifest.xml:23:9-26:25
58                <action android:name="android.intent.action.MAIN" />
58-->src/main/AndroidManifest.xml:24:13-65
58-->src/main/AndroidManifest.xml:24:21-62
59
60                <category android:name="android.intent.category.LAUNCHER" />
60-->src/main/AndroidManifest.xml:25:13-73
60-->src/main/AndroidManifest.xml:25:23-70
61            </intent-filter>
62        </activity>
63
64        <provider
64-->[:react-native-image-picker] AndroidManifest.xml:10:9-18:20
65            android:name="com.imagepicker.ImagePickerProvider"
65-->[:react-native-image-picker] AndroidManifest.xml:11:13-63
66            android:authorities="com.digiternak.imagepickerprovider"
66-->[:react-native-image-picker] AndroidManifest.xml:12:13-71
67            android:exported="false"
67-->[:react-native-image-picker] AndroidManifest.xml:13:13-37
68            android:grantUriPermissions="true" >
68-->[:react-native-image-picker] AndroidManifest.xml:14:13-47
69            <meta-data
69-->[:react-native-image-picker] AndroidManifest.xml:15:13-17:70
70                android:name="android.support.FILE_PROVIDER_PATHS"
70-->[:react-native-image-picker] AndroidManifest.xml:16:17-67
71                android:resource="@xml/imagepicker_provider_paths" />
71-->[:react-native-image-picker] AndroidManifest.xml:17:17-67
72        </provider>
73        <provider
73-->[androidx.work:work-runtime:2.7.1] AndroidManifest.xml:31:9-39:20
74            android:name="androidx.startup.InitializationProvider"
74-->[androidx.work:work-runtime:2.7.1] AndroidManifest.xml:32:13-67
75            android:authorities="com.digiternak.androidx-startup"
75-->[androidx.work:work-runtime:2.7.1] AndroidManifest.xml:33:13-68
76            android:exported="false" >
76-->[androidx.work:work-runtime:2.7.1] AndroidManifest.xml:34:13-37
77            <meta-data
77-->[androidx.work:work-runtime:2.7.1] AndroidManifest.xml:36:13-38:52
78                android:name="androidx.work.WorkManagerInitializer"
78-->[androidx.work:work-runtime:2.7.1] AndroidManifest.xml:37:17-68
79                android:value="androidx.startup" />
79-->[androidx.work:work-runtime:2.7.1] AndroidManifest.xml:38:17-49
80            <meta-data
80-->[androidx.emoji2:emoji2:1.0.0] AndroidManifest.xml:31:13-33:52
81                android:name="androidx.emoji2.text.EmojiCompatInitializer"
81-->[androidx.emoji2:emoji2:1.0.0] AndroidManifest.xml:32:17-75
82                android:value="androidx.startup" />
82-->[androidx.emoji2:emoji2:1.0.0] AndroidManifest.xml:33:17-49
83            <meta-data
83-->[androidx.lifecycle:lifecycle-process:2.4.0] AndroidManifest.xml:31:13-33:52
84                android:name="androidx.lifecycle.ProcessLifecycleInitializer"
84-->[androidx.lifecycle:lifecycle-process:2.4.0] AndroidManifest.xml:32:17-78
85                android:value="androidx.startup" />
85-->[androidx.lifecycle:lifecycle-process:2.4.0] AndroidManifest.xml:33:17-49
86        </provider>
87
88        <service
88-->[androidx.work:work-runtime:2.7.1] AndroidManifest.xml:41:9-46:35
89            android:name="androidx.work.impl.background.systemalarm.SystemAlarmService"
89-->[androidx.work:work-runtime:2.7.1] AndroidManifest.xml:42:13-88
90            android:directBootAware="false"
90-->[androidx.work:work-runtime:2.7.1] AndroidManifest.xml:43:13-44
91            android:enabled="@bool/enable_system_alarm_service_default"
91-->[androidx.work:work-runtime:2.7.1] AndroidManifest.xml:44:13-72
92            android:exported="false" />
92-->[androidx.work:work-runtime:2.7.1] AndroidManifest.xml:45:13-37
93        <service
93-->[androidx.work:work-runtime:2.7.1] AndroidManifest.xml:47:9-53:35
94            android:name="androidx.work.impl.background.systemjob.SystemJobService"
94-->[androidx.work:work-runtime:2.7.1] AndroidManifest.xml:48:13-84
95            android:directBootAware="false"
95-->[androidx.work:work-runtime:2.7.1] AndroidManifest.xml:49:13-44
96            android:enabled="@bool/enable_system_job_service_default"
96-->[androidx.work:work-runtime:2.7.1] AndroidManifest.xml:50:13-70
97            android:exported="true"
97-->[androidx.work:work-runtime:2.7.1] AndroidManifest.xml:51:13-36
98            android:permission="android.permission.BIND_JOB_SERVICE" />
98-->[androidx.work:work-runtime:2.7.1] AndroidManifest.xml:52:13-69
99        <service
99-->[androidx.work:work-runtime:2.7.1] AndroidManifest.xml:54:9-59:35
100            android:name="androidx.work.impl.foreground.SystemForegroundService"
100-->[androidx.work:work-runtime:2.7.1] AndroidManifest.xml:55:13-81
101            android:directBootAware="false"
101-->[androidx.work:work-runtime:2.7.1] AndroidManifest.xml:56:13-44
102            android:enabled="@bool/enable_system_foreground_service_default"
102-->[androidx.work:work-runtime:2.7.1] AndroidManifest.xml:57:13-77
103            android:exported="false" />
103-->[androidx.work:work-runtime:2.7.1] AndroidManifest.xml:58:13-37
104
105        <receiver
105-->[androidx.work:work-runtime:2.7.1] AndroidManifest.xml:61:9-66:35
106            android:name="androidx.work.impl.utils.ForceStopRunnable$BroadcastReceiver"
106-->[androidx.work:work-runtime:2.7.1] AndroidManifest.xml:62:13-88
107            android:directBootAware="false"
107-->[androidx.work:work-runtime:2.7.1] AndroidManifest.xml:63:13-44
108            android:enabled="true"
108-->[androidx.work:work-runtime:2.7.1] AndroidManifest.xml:64:13-35
109            android:exported="false" />
109-->[androidx.work:work-runtime:2.7.1] AndroidManifest.xml:65:13-37
110        <receiver
110-->[androidx.work:work-runtime:2.7.1] AndroidManifest.xml:67:9-77:20
111            android:name="androidx.work.impl.background.systemalarm.ConstraintProxy$BatteryChargingProxy"
111-->[androidx.work:work-runtime:2.7.1] AndroidManifest.xml:68:13-106
112            android:directBootAware="false"
112-->[androidx.work:work-runtime:2.7.1] AndroidManifest.xml:69:13-44
113            android:enabled="false"
113-->[androidx.work:work-runtime:2.7.1] AndroidManifest.xml:70:13-36
114            android:exported="false" >
114-->[androidx.work:work-runtime:2.7.1] AndroidManifest.xml:71:13-37
115            <intent-filter>
115-->[androidx.work:work-runtime:2.7.1] AndroidManifest.xml:73:13-76:29
116                <action android:name="android.intent.action.ACTION_POWER_CONNECTED" />
116-->[androidx.work:work-runtime:2.7.1] AndroidManifest.xml:74:17-87
116-->[androidx.work:work-runtime:2.7.1] AndroidManifest.xml:74:25-84
117                <action android:name="android.intent.action.ACTION_POWER_DISCONNECTED" />
117-->[androidx.work:work-runtime:2.7.1] AndroidManifest.xml:75:17-90
117-->[androidx.work:work-runtime:2.7.1] AndroidManifest.xml:75:25-87
118            </intent-filter>
119        </receiver>
120        <receiver
120-->[androidx.work:work-runtime:2.7.1] AndroidManifest.xml:78:9-88:20
121            android:name="androidx.work.impl.background.systemalarm.ConstraintProxy$BatteryNotLowProxy"
121-->[androidx.work:work-runtime:2.7.1] AndroidManifest.xml:79:13-104
122            android:directBootAware="false"
122-->[androidx.work:work-runtime:2.7.1] AndroidManifest.xml:80:13-44
123            android:enabled="false"
123-->[androidx.work:work-runtime:2.7.1] AndroidManifest.xml:81:13-36
124            android:exported="false" >
124-->[androidx.work:work-runtime:2.7.1] AndroidManifest.xml:82:13-37
125            <intent-filter>
125-->[androidx.work:work-runtime:2.7.1] AndroidManifest.xml:84:13-87:29
126                <action android:name="android.intent.action.BATTERY_OKAY" />
126-->[androidx.work:work-runtime:2.7.1] AndroidManifest.xml:85:17-77
126-->[androidx.work:work-runtime:2.7.1] AndroidManifest.xml:85:25-74
127                <action android:name="android.intent.action.BATTERY_LOW" />
127-->[androidx.work:work-runtime:2.7.1] AndroidManifest.xml:86:17-76
127-->[androidx.work:work-runtime:2.7.1] AndroidManifest.xml:86:25-73
128            </intent-filter>
129        </receiver>
130        <receiver
130-->[androidx.work:work-runtime:2.7.1] AndroidManifest.xml:89:9-99:20
131            android:name="androidx.work.impl.background.systemalarm.ConstraintProxy$StorageNotLowProxy"
131-->[androidx.work:work-runtime:2.7.1] AndroidManifest.xml:90:13-104
132            android:directBootAware="false"
132-->[androidx.work:work-runtime:2.7.1] AndroidManifest.xml:91:13-44
133            android:enabled="false"
133-->[androidx.work:work-runtime:2.7.1] AndroidManifest.xml:92:13-36
134            android:exported="false" >
134-->[androidx.work:work-runtime:2.7.1] AndroidManifest.xml:93:13-37
135            <intent-filter>
135-->[androidx.work:work-runtime:2.7.1] AndroidManifest.xml:95:13-98:29
136                <action android:name="android.intent.action.DEVICE_STORAGE_LOW" />
136-->[androidx.work:work-runtime:2.7.1] AndroidManifest.xml:96:17-83
136-->[androidx.work:work-runtime:2.7.1] AndroidManifest.xml:96:25-80
137                <action android:name="android.intent.action.DEVICE_STORAGE_OK" />
137-->[androidx.work:work-runtime:2.7.1] AndroidManifest.xml:97:17-82
137-->[androidx.work:work-runtime:2.7.1] AndroidManifest.xml:97:25-79
138            </intent-filter>
139        </receiver>
140        <receiver
140-->[androidx.work:work-runtime:2.7.1] AndroidManifest.xml:100:9-109:20
141            android:name="androidx.work.impl.background.systemalarm.ConstraintProxy$NetworkStateProxy"
141-->[androidx.work:work-runtime:2.7.1] AndroidManifest.xml:101:13-103
142            android:directBootAware="false"
142-->[androidx.work:work-runtime:2.7.1] AndroidManifest.xml:102:13-44
143            android:enabled="false"
143-->[androidx.work:work-runtime:2.7.1] AndroidManifest.xml:103:13-36
144            android:exported="false" >
144-->[androidx.work:work-runtime:2.7.1] AndroidManifest.xml:104:13-37
145            <intent-filter>
145-->[androidx.work:work-runtime:2.7.1] AndroidManifest.xml:106:13-108:29
146                <action android:name="android.net.conn.CONNECTIVITY_CHANGE" />
146-->[androidx.work:work-runtime:2.7.1] AndroidManifest.xml:107:17-79
146-->[androidx.work:work-runtime:2.7.1] AndroidManifest.xml:107:25-76
147            </intent-filter>
148        </receiver>
149        <receiver
149-->[androidx.work:work-runtime:2.7.1] AndroidManifest.xml:110:9-121:20
150            android:name="androidx.work.impl.background.systemalarm.RescheduleReceiver"
150-->[androidx.work:work-runtime:2.7.1] AndroidManifest.xml:111:13-88
151            android:directBootAware="false"
151-->[androidx.work:work-runtime:2.7.1] AndroidManifest.xml:112:13-44
152            android:enabled="false"
152-->[androidx.work:work-runtime:2.7.1] AndroidManifest.xml:113:13-36
153            android:exported="false" >
153-->[androidx.work:work-runtime:2.7.1] AndroidManifest.xml:114:13-37
154            <intent-filter>
154-->[androidx.work:work-runtime:2.7.1] AndroidManifest.xml:116:13-120:29
155                <action android:name="android.intent.action.BOOT_COMPLETED" />
155-->[androidx.work:work-runtime:2.7.1] AndroidManifest.xml:117:17-79
155-->[androidx.work:work-runtime:2.7.1] AndroidManifest.xml:117:25-76
156                <action android:name="android.intent.action.TIME_SET" />
156-->[androidx.work:work-runtime:2.7.1] AndroidManifest.xml:118:17-73
156-->[androidx.work:work-runtime:2.7.1] AndroidManifest.xml:118:25-70
157                <action android:name="android.intent.action.TIMEZONE_CHANGED" />
157-->[androidx.work:work-runtime:2.7.1] AndroidManifest.xml:119:17-81
157-->[androidx.work:work-runtime:2.7.1] AndroidManifest.xml:119:25-78
158            </intent-filter>
159        </receiver>
160        <receiver
160-->[androidx.work:work-runtime:2.7.1] AndroidManifest.xml:122:9-131:20
161            android:name="androidx.work.impl.background.systemalarm.ConstraintProxyUpdateReceiver"
161-->[androidx.work:work-runtime:2.7.1] AndroidManifest.xml:123:13-99
162            android:directBootAware="false"
162-->[androidx.work:work-runtime:2.7.1] AndroidManifest.xml:124:13-44
163            android:enabled="@bool/enable_system_alarm_service_default"
163-->[androidx.work:work-runtime:2.7.1] AndroidManifest.xml:125:13-72
164            android:exported="false" >
164-->[androidx.work:work-runtime:2.7.1] AndroidManifest.xml:126:13-37
165            <intent-filter>
165-->[androidx.work:work-runtime:2.7.1] AndroidManifest.xml:128:13-130:29
166                <action android:name="androidx.work.impl.background.systemalarm.UpdateProxies" />
166-->[androidx.work:work-runtime:2.7.1] AndroidManifest.xml:129:17-98
166-->[androidx.work:work-runtime:2.7.1] AndroidManifest.xml:129:25-95
167            </intent-filter>
168        </receiver>
169        <receiver
169-->[androidx.work:work-runtime:2.7.1] AndroidManifest.xml:132:9-142:20
170            android:name="androidx.work.impl.diagnostics.DiagnosticsReceiver"
170-->[androidx.work:work-runtime:2.7.1] AndroidManifest.xml:133:13-78
171            android:directBootAware="false"
171-->[androidx.work:work-runtime:2.7.1] AndroidManifest.xml:134:13-44
172            android:enabled="true"
172-->[androidx.work:work-runtime:2.7.1] AndroidManifest.xml:135:13-35
173            android:exported="true"
173-->[androidx.work:work-runtime:2.7.1] AndroidManifest.xml:136:13-36
174            android:permission="android.permission.DUMP" >
174-->[androidx.work:work-runtime:2.7.1] AndroidManifest.xml:137:13-57
175            <intent-filter>
175-->[androidx.work:work-runtime:2.7.1] AndroidManifest.xml:139:13-141:29
176                <action android:name="androidx.work.diagnostics.REQUEST_DIAGNOSTICS" />
176-->[androidx.work:work-runtime:2.7.1] AndroidManifest.xml:140:17-88
176-->[androidx.work:work-runtime:2.7.1] AndroidManifest.xml:140:25-85
177            </intent-filter>
178        </receiver>
179
180        <service
180-->[androidx.room:room-runtime:2.2.5] AndroidManifest.xml:25:9-28:40
181            android:name="androidx.room.MultiInstanceInvalidationService"
181-->[androidx.room:room-runtime:2.2.5] AndroidManifest.xml:26:13-74
182            android:directBootAware="true"
182-->[androidx.room:room-runtime:2.2.5] AndroidManifest.xml:27:13-43
183            android:exported="false" /> <!-- Needs to be explicitly declared on P+ -->
183-->[androidx.room:room-runtime:2.2.5] AndroidManifest.xml:28:13-37
184        <uses-library
184-->[com.google.android.gms:play-services-maps:18.0.2] AndroidManifest.xml:39:9-41:40
185            android:name="org.apache.http.legacy"
185-->[com.google.android.gms:play-services-maps:18.0.2] AndroidManifest.xml:40:13-50
186            android:required="false" />
186-->[com.google.android.gms:play-services-maps:18.0.2] AndroidManifest.xml:41:13-37
187
188        <activity
188-->[com.google.android.gms:play-services-base:18.1.0] AndroidManifest.xml:20:9-22:45
189            android:name="com.google.android.gms.common.api.GoogleApiActivity"
189-->[com.google.android.gms:play-services-base:18.1.0] AndroidManifest.xml:20:19-85
190            android:exported="false"
190-->[com.google.android.gms:play-services-base:18.1.0] AndroidManifest.xml:22:19-43
191            android:theme="@android:style/Theme.Translucent.NoTitleBar" />
191-->[com.google.android.gms:play-services-base:18.1.0] AndroidManifest.xml:21:19-78
192
193        <meta-data
193-->[com.google.android.gms:play-services-basement:18.1.0] AndroidManifest.xml:21:9-23:69
194            android:name="com.google.android.gms.version"
194-->[com.google.android.gms:play-services-basement:18.1.0] AndroidManifest.xml:22:13-58
195            android:value="@integer/google_play_services_version" />
195-->[com.google.android.gms:play-services-basement:18.1.0] AndroidManifest.xml:23:13-66
196    </application>
197
198</manifest>